<?xml version="1.0" encoding="UTF-8"?>
<!-- Generated by org.testng.reporters.JUnitReportReporter -->
<testsuite skipped="0" hostname="LAPTOP-FA6T06G8" name="com.seleniumjavaFramework.testcases.Test_LoginTest" tests="1" failures="0" timestamp="2020-05-31T15:18:55 IST" time="8.812" errors="0">
  <testcase name="loginTest" time="8.812" classname="com.seleniumjavaFramework.testcases.Test_LoginTest"/>
  <system-out/>
</testsuite> <!-- com.seleniumjavaFramework.testcases.Test_LoginTest -->
